<?xml version="1.0" encoding="UTF-8"?>
<!-- Generated by org.testng.reporters.JUnitReportReporter -->
<testsuite skipped="1" hostname="DESKTOP-R5U0RRK" name="com.mystore.testcases.TC_ProductSearch" tests="2" failures="0" timestamp="16 Aug 2022 09:44:02 GMT" time="169.180" errors="0">
  <testcase name="verifyBuyProduct" time="169.180" classname="com.mystore.testcases.TC_ProductSearch"/>
  <testcase name="verifySearchFunctionality" classname="com.mystore.testcases.TC_ProductSearch">
    <skipped/>
  </testcase> <!-- verifySearchFunctionality -->
</testsuite> <!-- com.mystore.testcases.TC_ProductSearch -->
