<?xml version="1.0" encoding="UTF-8"?>
<!-- Generated by org.testng.reporters.JUnitReportReporter -->
<testsuite skipped="0" hostname="DESKTOP-R5U0RRK" name="com.mystore.testcases.TC_Test01" tests="1" failures="0" timestamp="10 Aug 2022 11:15:40 GMT" time="0.022" errors="0">
  <testcase name="test11" time="0.022" classname="com.mystore.testcases.TC_Test01"/>
</testsuite> <!-- com.mystore.testcases.TC_Test01 -->
