<?xml version="1.0" encoding="UTF-8"?>
<!-- Generated by org.testng.reporters.JUnitReportReporter -->
<testsuite skipped="1" hostname="DESKTOP-R5U0RRK" name="com.mystore.testcases.TC_MyAccountTestDatadriven" tests="3" failures="0" timestamp="13 Aug 2022 09:14:15 GMT" time="30.554" errors="0">
  <testcase name="verifyLogin" time="16.544" classname="com.mystore.testcases.TC_MyAccountTestDatadriven"/>
  <testcase name="verifyLogin" time="14.010" classname="com.mystore.testcases.TC_MyAccountTestDatadriven"/>
  <testcase name="verifySignInAndReg" classname="com.mystore.testcases.TC_MyAccountTestDatadriven">
    <skipped/>
  </testcase> <!-- verifySignInAndReg -->
</testsuite> <!-- com.mystore.testcases.TC_MyAccountTestDatadriven -->
