<?xml version="1.0" encoding="UTF-8"?>
<!-- Generated by org.testng.reporters.JUnitReportReporter -->
<testsuite skipped="1" hostname="DESKTOP-R5U0RRK" name="com.mystore.testcases.TC_ProductSearch" tests="2" failures="0" timestamp="2022-08-20T08:17:40 IST" time="83.320" errors="0">
  <testcase name="verifyBuyProduct" time="83.320" classname="com.mystore.testcases.TC_ProductSearch"/>
  <system-out/>
  <testcase name="verifySearchFunctionality" classname="com.mystore.testcases.TC_ProductSearch">
    <skipped/>
  </testcase> <!-- verifySearchFunctionality -->
  <system-out/>
</testsuite> <!-- com.mystore.testcases.TC_ProductSearch -->
